# JRE version: OpenJDK Runtime Environment (Red_Hat-21.0.5.0.11-1) (21.0.5+11) (build 21.0.5+11)
# Java VM: OpenJDK 64-Bit Server VM (Red_Hat-21.0.5.0.11-1) (21.0.5+11, mixed mode, sharing, tiered, compressed oops, compressed class ptrs, g1 gc, linux-amd64)
GC Precious Log:
 CardTable entry size: 512
 Card Set container configuration: InlinePtr #cards 5 size 8 Array Of Cards #cards 12 size 40 Howl #buckets 4 coarsen threshold 1843 Howl Bitmap #cards 512 size 80 coarsen threshold 460 Card regions per heap region 1 cards per card region 2048
 CPUs: 8 total, 4 available
 Memory: 7914M
 Large Page Support: Disabled
 NUMA Support: Disabled
 Compressed Oops: Enabled (32-bit)
 Heap Region Size: 1M
 Heap Min Capacity: 8M
 Heap Initial Capacity: 124M
 Heap Max Capacity: 1980M
 Pre-touch: Disabled
 Parallel Workers: 4
 Concurrent Workers: 1
 Concurrent Refinement Workers: 4
 Periodic GC: Disabled
Heap:
 garbage-first heap   total 51200K, used 28161K [0x0000000084400000, 0x0000000100000000)
  region size 1024K, 22 young (22528K), 7 survivors (7168K)
 Metaspace       used 23663K, committed 24064K, reserved 1114112K
  class space    used 2885K, committed 3072K, reserved 1048576K
GC Heap History (8 events):
Event: 1,537 GC heap before
{Heap before GC invocations=0 (full 0):
 garbage-first heap   total 129024K, used 14387K [0x0000000084400000, 0x0000000100000000)
  region size 1024K, 13 young (13312K), 0 survivors (0K)
 Metaspace       used 3903K, committed 4096K, reserved 1114112K
  class space    used 406K, committed 512K, reserved 1048576K
}
Event: 1,590 GC heap after
{Heap after GC invocations=1 (full 0):
 garbage-first heap   total 129024K, used 6484K [0x0000000084400000, 0x0000000100000000)
  region size 1024K, 2 young (2048K), 2 survivors (2048K)
 Metaspace       used 3903K, committed 4096K, reserved 1114112K
  class space    used 406K, committed 512K, reserved 1048576K
}
Event: 2,229 GC heap before
{Heap before GC invocations=1 (full 0):
 garbage-first heap   total 129024K, used 17748K [0x0000000084400000, 0x0000000100000000)
  region size 1024K, 13 young (13312K), 2 survivors (2048K)
 Metaspace       used 7249K, committed 7488K, reserved 1114112K
  class space    used 846K, committed 960K, reserved 1048576K
}
Event: 2,239 GC heap after
{Heap after GC invocations=2 (full 0):
 garbage-first heap   total 129024K, used 7790K [0x0000000084400000, 0x0000000100000000)
  region size 1024K, 2 young (2048K), 2 survivors (2048K)
 Metaspace       used 7249K, committed 7488K, reserved 1114112K
  class space    used 846K, committed 960K, reserved 1048576K
}
Event: 3,290 GC heap before
{Heap before GC invocations=2 (full 0):
 garbage-first heap   total 129024K, used 41582K [0x0000000084400000, 0x0000000100000000)
  region size 1024K, 36 young (36864K), 2 survivors (2048K)
 Metaspace       used 16464K, committed 16768K, reserved 1114112K
  class space    used 1975K, committed 2112K, reserved 1048576K
}
Event: 3,297 GC heap after
{Heap after GC invocations=3 (full 0):
 garbage-first heap   total 129024K, used 10553K [0x0000000084400000, 0x0000000100000000)
  region size 1024K, 4 young (4096K), 4 survivors (4096K)
 Metaspace       used 16464K, committed 16768K, reserved 1114112K
  class space    used 1975K, committed 2112K, reserved 1048576K
}
Event: 4,111 GC heap before
{Heap before GC invocations=3 (full 0):
 garbage-first heap   total 129024K, used 41273K [0x0000000084400000, 0x0000000100000000)
  region size 1024K, 35 young (35840K), 4 survivors (4096K)
 Metaspace       used 21299K, committed 21504K, reserved 1114112K
  class space    used 2527K, committed 2624K, reserved 1048576K
}
Event: 4,125 GC heap after
{Heap after GC invocations=4 (full 0):
 garbage-first heap   total 129024K, used 13825K [0x0000000084400000, 0x0000000100000000)
  region size 1024K, 7 young (7168K), 7 survivors (7168K)
 Metaspace       used 21299K, committed 21504K, reserved 1114112K
  class space    used 2527K, committed 2624K, reserved 1048576K
}

